<?xml version="1.0" encoding="UTF-8"?>
<testsuite xmlns:xsi="http://www.w3.org/2001/XMLSchema-instance" xsi:noNamespaceSchemaLocation="https://maven.apache.org/surefire/maven-surefire-plugin/xsd/surefire-test-report-3.0.xsd" version="3.0" name="ShoppingProjectTest" time="0.024" tests="17" errors="0" skipped="0" failures="0">
  <properties>
[...]
</properties>
  <testcase name="testShoppingItemBuy" classname="ShoppingProjectTest" time="0.007"/>
  <testcase name="testCartCompletion" classname="ShoppingProjectTest" time="0.001"/>
  <testcase name="testTotalPrice" classname="ShoppingProjectTest" time="0.001"/>
  <testcase name="testInvalidIndexHandling" classname="ShoppingProjectTest" time="0.001"/>
  <testcase name="testGoShoppingAll" classname="ShoppingProjectTest" time="0.0"/>
  <testcase name="testTrimExcessOnEmptyList" classname="ShoppingProjectTest" time="0.0"/>
  <testcase name="testAddToEndAndGetAt" classname="ShoppingProjectTest" time="0.001"/>
  <testcase name="testCompareToSameItem" classname="ShoppingProjectTest" time="0.0"/>
  <testcase name="testRemoveAt" classname="ShoppingProjectTest" time="0.001"/>
  <testcase name="testCapacityGrowth" classname="ShoppingProjectTest" time="0.001"/>
  <testcase name="testCompareToDifferentItems" classname="ShoppingProjectTest" time="0.0"/>
  <testcase name="testIsIdentical" classname="ShoppingProjectTest" time="0.0"/>
  <testcase name="testPriceGetterInDollars" classname="ShoppingProjectTest" time="0.0"/>
  <testcase name="testInsertAt" classname="ShoppingProjectTest" time="0.0"/>
  <testcase name="testGoShoppingWithList" classname="ShoppingProjectTest" time="0.001"/>
  <testcase name="testReturnCartRules" classname="ShoppingProjectTest" time="0.0"/>
  <testcase name="testShoppingItemEquals" classname="ShoppingProjectTest" time="0.001"/>
</testsuite>